{"C:\\Users\\felip\\Documents\\eu_memo\\www\\mind-helping-professional\\apps\\api\\src\\app.ts": {"path":"C:\\Users\\felip\\Documents\\eu_memo\\www\\mind-helping-professional\\apps\\api\\src\\app.ts","all":true,"statementMap":{"0":{"start":{"line":1,"column":0},"end":{"line":1,"column":29}},"3":{"start":{"line":4,"column":0},"end":{"line":4,"column":64}}},"s":{"0":0,"3":0},"branchMap":{"0":{"type":"branch","line":1,"loc":{"start":{"line":1,"column":163},"end":{"line":4,"column":64}},"locations":[{"start":{"line":1,"column":163},"end":{"line":4,"column":64}}]}},"b":{"0":[0]},"fnMap":{"0":{"name":"(empty-report)","decl":{"start":{"line":1,"column":163},"end":{"line":4,"column":64}},"loc":{"start":{"line":1,"column":163},"end":{"line":4,"column":64}},"line":1}},"f":{"0":0}}
,"C:\\Users\\felip\\Documents\\eu_memo\\www\\mind-helping-professional\\apps\\api\\src\\env.ts": {"path":"C:\\Users\\felip\\Documents\\eu_memo\\www\\mind-helping-professional\\apps\\api\\src\\env.ts","all":true,"statementMap":{"0":{"start":{"line":1,"column":0},"end":{"line":1,"column":23}},"2":{"start":{"line":3,"column":0},"end":{"line":3,"column":28}},"3":{"start":{"line":4,"column":0},"end":{"line":4,"column":26}},"4":{"start":{"line":5,"column":0},"end":{"line":5,"column":2}},"6":{"start":{"line":7,"column":0},"end":{"line":7,"column":47}}},"s":{"0":0,"2":0,"3":0,"4":0,"6":0},"branchMap":{"0":{"type":"branch","line":1,"loc":{"start":{"line":1,"column":138},"end":{"line":7,"column":47}},"locations":[{"start":{"line":1,"column":138},"end":{"line":7,"column":47}}]}},"b":{"0":[0]},"fnMap":{"0":{"name":"(empty-report)","decl":{"start":{"line":1,"column":138},"end":{"line":7,"column":47}},"loc":{"start":{"line":1,"column":138},"end":{"line":7,"column":47}},"line":1}},"f":{"0":0}}
,"C:\\Users\\felip\\Documents\\eu_memo\\www\\mind-helping-professional\\apps\\api\\src\\server.ts": {"path":"C:\\Users\\felip\\Documents\\eu_memo\\www\\mind-helping-professional\\apps\\api\\src\\server.ts","all":true,"statementMap":{"0":{"start":{"line":1,"column":0},"end":{"line":1,"column":39}},"1":{"start":{"line":2,"column":0},"end":{"line":2,"column":45}},"2":{"start":{"line":3,"column":0},"end":{"line":3,"column":50}},"3":{"start":{"line":4,"column":0},"end":{"line":4,"column":8}},"8":{"start":{"line":9,"column":0},"end":{"line":9,"column":27}},"9":{"start":{"line":10,"column":0},"end":{"line":10,"column":27}},"11":{"start":{"line":12,"column":0},"end":{"line":12,"column":27}},"12":{"start":{"line":13,"column":0},"end":{"line":13,"column":15}},"13":{"start":{"line":14,"column":0},"end":{"line":14,"column":2}},"15":{"start":{"line":16,"column":0},"end":{"line":16,"column":45}},"16":{"start":{"line":17,"column":0},"end":{"line":17,"column":43}},"18":{"start":{"line":19,"column":0},"end":{"line":19,"column":30}},"19":{"start":{"line":20,"column":0},"end":{"line":20,"column":12}},"20":{"start":{"line":21,"column":0},"end":{"line":21,"column":11}},"21":{"start":{"line":22,"column":0},"end":{"line":22,"column":44}},"22":{"start":{"line":23,"column":0},"end":{"line":23,"column":23}},"23":{"start":{"line":24,"column":0},"end":{"line":24,"column":6}},"24":{"start":{"line":25,"column":0},"end":{"line":25,"column":4}},"25":{"start":{"line":26,"column":0},"end":{"line":26,"column":33}},"26":{"start":{"line":27,"column":0},"end":{"line":27,"column":2}},"28":{"start":{"line":29,"column":0},"end":{"line":29,"column":32}},"29":{"start":{"line":30,"column":0},"end":{"line":30,"column":23}},"30":{"start":{"line":31,"column":0},"end":{"line":31,"column":2}},"32":{"start":{"line":33,"column":0},"end":{"line":33,"column":3}},"33":{"start":{"line":34,"column":0},"end":{"line":34,"column":11}},"34":{"start":{"line":35,"column":0},"end":{"line":35,"column":19}},"35":{"start":{"line":36,"column":0},"end":{"line":36,"column":20}},"36":{"start":{"line":37,"column":0},"end":{"line":37,"column":4}},"37":{"start":{"line":38,"column":0},"end":{"line":38,"column":15}},"38":{"start":{"line":39,"column":0},"end":{"line":39,"column":41}},"39":{"start":{"line":40,"column":0},"end":{"line":40,"column":4}}},"s":{"0":0,"1":0,"2":0,"3":0,"8":0,"9":0,"11":0,"12":0,"13":0,"15":0,"16":0,"18":0,"19":0,"20":0,"21":0,"22":0,"23":0,"24":0,"25":0,"26":0,"28":0,"29":0,"30":0,"32":0,"33":0,"34":0,"35":0,"36":0,"37":0,"38":0,"39":0},"branchMap":{"0":{"type":"branch","line":1,"loc":{"start":{"line":1,"column":0},"end":{"line":40,"column":-427}},"locations":[{"start":{"line":1,"column":0},"end":{"line":40,"column":-427}}]}},"b":{"0":[0]},"fnMap":{"0":{"name":"(empty-report)","decl":{"start":{"line":1,"column":0},"end":{"line":40,"column":-427}},"loc":{"start":{"line":1,"column":0},"end":{"line":40,"column":-427}},"line":1}},"f":{"0":0}}
,"C:\\Users\\felip\\Documents\\eu_memo\\www\\mind-helping-professional\\apps\\api\\src\\errors\\invalid-parameters.ts": {"path":"C:\\Users\\felip\\Documents\\eu_memo\\www\\mind-helping-professional\\apps\\api\\src\\errors\\invalid-parameters.ts","all":false,"statementMap":{"0":{"start":{"line":1,"column":0},"end":{"line":1,"column":51}},"1":{"start":{"line":2,"column":0},"end":{"line":2,"column":17}},"2":{"start":{"line":3,"column":0},"end":{"line":3,"column":31}},"3":{"start":{"line":4,"column":0},"end":{"line":4,"column":3}},"4":{"start":{"line":5,"column":0},"end":{"line":5,"column":1}}},"s":{"0":1,"1":1,"2":1,"3":1,"4":1},"branchMap":{"0":{"type":"branch","line":2,"loc":{"start":{"line":2,"column":2},"end":{"line":4,"column":3}},"locations":[{"start":{"line":2,"column":2},"end":{"line":4,"column":3}}]}},"b":{"0":[1]},"fnMap":{"0":{"name":"InvalidParametersError","decl":{"start":{"line":2,"column":2},"end":{"line":4,"column":3}},"loc":{"start":{"line":2,"column":2},"end":{"line":4,"column":3}},"line":2}},"f":{"0":1}}
,"C:\\Users\\felip\\Documents\\eu_memo\\www\\mind-helping-professional\\apps\\api\\src\\errors\\resource-not-found-error.ts": {"path":"C:\\Users\\felip\\Documents\\eu_memo\\www\\mind-helping-professional\\apps\\api\\src\\errors\\resource-not-found-error.ts","all":false,"statementMap":{"0":{"start":{"line":1,"column":0},"end":{"line":1,"column":50}},"1":{"start":{"line":2,"column":0},"end":{"line":2,"column":17}},"2":{"start":{"line":3,"column":0},"end":{"line":3,"column":31}},"3":{"start":{"line":4,"column":0},"end":{"line":4,"column":3}},"4":{"start":{"line":5,"column":0},"end":{"line":5,"column":1}}},"s":{"0":1,"1":1,"2":1,"3":1,"4":1},"branchMap":{"0":{"type":"branch","line":2,"loc":{"start":{"line":2,"column":2},"end":{"line":4,"column":3}},"locations":[{"start":{"line":2,"column":2},"end":{"line":4,"column":3}}]}},"b":{"0":[1]},"fnMap":{"0":{"name":"ResourceNotFoundError","decl":{"start":{"line":2,"column":2},"end":{"line":4,"column":3}},"loc":{"start":{"line":2,"column":2},"end":{"line":4,"column":3}},"line":2}},"f":{"0":1}}
,"C:\\Users\\felip\\Documents\\eu_memo\\www\\mind-helping-professional\\apps\\api\\src\\in-memory-repository\\in-memory-person-repository.ts": {"path":"C:\\Users\\felip\\Documents\\eu_memo\\www\\mind-helping-professional\\apps\\api\\src\\in-memory-repository\\in-memory-person-repository.ts","all":false,"statementMap":{"0":{"start":{"line":1,"column":0},"end":{"line":1,"column":40}},"4":{"start":{"line":5,"column":0},"end":{"line":5,"column":67}},"5":{"start":{"line":6,"column":0},"end":{"line":6,"column":29}},"7":{"start":{"line":8,"column":0},"end":{"line":8,"column":57}},"8":{"start":{"line":9,"column":0},"end":{"line":9,"column":20}},"9":{"start":{"line":10,"column":0},"end":{"line":10,"column":34}},"10":{"start":{"line":11,"column":0},"end":{"line":11,"column":22}},"11":{"start":{"line":12,"column":0},"end":{"line":12,"column":44}},"12":{"start":{"line":13,"column":0},"end":{"line":13,"column":20}},"13":{"start":{"line":14,"column":0},"end":{"line":14,"column":28}},"14":{"start":{"line":15,"column":0},"end":{"line":15,"column":38}},"15":{"start":{"line":16,"column":0},"end":{"line":16,"column":26}},"16":{"start":{"line":17,"column":0},"end":{"line":17,"column":34}},"17":{"start":{"line":18,"column":0},"end":{"line":18,"column":20}},"18":{"start":{"line":19,"column":0},"end":{"line":19,"column":22}},"19":{"start":{"line":20,"column":0},"end":{"line":20,"column":18}},"20":{"start":{"line":21,"column":0},"end":{"line":21,"column":24}},"21":{"start":{"line":22,"column":0},"end":{"line":22,"column":24}},"22":{"start":{"line":23,"column":0},"end":{"line":23,"column":40}},"23":{"start":{"line":24,"column":0},"end":{"line":24,"column":5}},"25":{"start":{"line":26,"column":0},"end":{"line":26,"column":27}},"27":{"start":{"line":28,"column":0},"end":{"line":28,"column":17}},"28":{"start":{"line":29,"column":0},"end":{"line":29,"column":3}},"30":{"start":{"line":31,"column":0},"end":{"line":31,"column":36}},"31":{"start":{"line":32,"column":0},"end":{"line":32,"column":64}},"33":{"start":{"line":34,"column":0},"end":{"line":34,"column":18}},"34":{"start":{"line":35,"column":0},"end":{"line":35,"column":17}},"35":{"start":{"line":36,"column":0},"end":{"line":36,"column":5}},"37":{"start":{"line":38,"column":0},"end":{"line":38,"column":17}},"38":{"start":{"line":39,"column":0},"end":{"line":39,"column":3}},"39":{"start":{"line":40,"column":0},"end":{"line":40,"column":1}}},"s":{"0":1,"4":1,"5":5,"7":5,"8":3,"9":3,"10":3,"11":3,"12":3,"13":3,"14":3,"15":3,"16":3,"17":3,"18":3,"19":3,"20":3,"21":3,"22":3,"23":3,"25":3,"27":3,"28":3,"30":5,"31":2,"33":2,"34":1,"35":1,"37":1,"38":2,"39":5},"branchMap":{"0":{"type":"branch","line":5,"loc":{"start":{"line":5,"column":66},"end":{"line":40,"column":1}},"locations":[{"start":{"line":5,"column":66},"end":{"line":40,"column":1}}]},"1":{"type":"branch","line":8,"loc":{"start":{"line":8,"column":2},"end":{"line":29,"column":3}},"locations":[{"start":{"line":8,"column":2},"end":{"line":29,"column":3}}]},"2":{"type":"branch","line":10,"loc":{"start":{"line":10,"column":15},"end":{"line":10,"column":34}},"locations":[{"start":{"line":10,"column":15},"end":{"line":10,"column":34}}]},"3":{"type":"branch","line":31,"loc":{"start":{"line":31,"column":2},"end":{"line":39,"column":3}},"locations":[{"start":{"line":31,"column":2},"end":{"line":39,"column":3}}]},"4":{"type":"branch","line":34,"loc":{"start":{"line":34,"column":17},"end":{"line":38,"column":17}},"locations":[{"start":{"line":34,"column":17},"end":{"line":38,"column":17}}]},"5":{"type":"branch","line":32,"loc":{"start":{"line":32,"column":35},"end":{"line":32,"column":63}},"locations":[{"start":{"line":32,"column":35},"end":{"line":32,"column":63}}]}},"b":{"0":[5],"1":[3],"2":[2],"3":[2],"4":[1],"5":[1]},"fnMap":{"0":{"name":"<instance_members_initializer>","decl":{"start":{"line":5,"column":66},"end":{"line":40,"column":1}},"loc":{"start":{"line":5,"column":66},"end":{"line":40,"column":1}},"line":5},"1":{"name":"create","decl":{"start":{"line":8,"column":2},"end":{"line":29,"column":3}},"loc":{"start":{"line":8,"column":2},"end":{"line":29,"column":3}},"line":8},"2":{"name":"findById","decl":{"start":{"line":31,"column":2},"end":{"line":39,"column":3}},"loc":{"start":{"line":31,"column":2},"end":{"line":39,"column":3}},"line":31}},"f":{"0":5,"1":3,"2":2}}
,"C:\\Users\\felip\\Documents\\eu_memo\\www\\mind-helping-professional\\apps\\api\\src\\in-memory-repository\\in-memory-professional-repository.ts": {"path":"C:\\Users\\felip\\Documents\\eu_memo\\www\\mind-helping-professional\\apps\\api\\src\\in-memory-repository\\in-memory-professional-repository.ts","all":false,"statementMap":{"3":{"start":{"line":4,"column":0},"end":{"line":4,"column":79}},"4":{"start":{"line":5,"column":0},"end":{"line":5,"column":35}},"6":{"start":{"line":7,"column":0},"end":{"line":7,"column":63}},"7":{"start":{"line":8,"column":0},"end":{"line":8,"column":26}},"8":{"start":{"line":9,"column":0},"end":{"line":9,"column":32}},"9":{"start":{"line":10,"column":0},"end":{"line":10,"column":20}},"10":{"start":{"line":11,"column":0},"end":{"line":11,"column":32}},"11":{"start":{"line":12,"column":0},"end":{"line":12,"column":5}},"13":{"start":{"line":14,"column":0},"end":{"line":14,"column":33}},"15":{"start":{"line":16,"column":0},"end":{"line":16,"column":23}},"16":{"start":{"line":17,"column":0},"end":{"line":17,"column":3}},"17":{"start":{"line":18,"column":0},"end":{"line":18,"column":1}}},"s":{"3":1,"4":2,"6":2,"7":1,"8":1,"9":1,"10":1,"11":1,"13":1,"15":1,"16":1,"17":2},"branchMap":{"0":{"type":"branch","line":4,"loc":{"start":{"line":4,"column":78},"end":{"line":18,"column":1}},"locations":[{"start":{"line":4,"column":78},"end":{"line":18,"column":1}}]},"1":{"type":"branch","line":7,"loc":{"start":{"line":7,"column":2},"end":{"line":17,"column":3}},"locations":[{"start":{"line":7,"column":2},"end":{"line":17,"column":3}}]}},"b":{"0":[2],"1":[1]},"fnMap":{"0":{"name":"<instance_members_initializer>","decl":{"start":{"line":4,"column":78},"end":{"line":18,"column":1}},"loc":{"start":{"line":4,"column":78},"end":{"line":18,"column":1}},"line":4},"1":{"name":"create","decl":{"start":{"line":7,"column":2},"end":{"line":17,"column":3}},"loc":{"start":{"line":7,"column":2},"end":{"line":17,"column":3}},"line":7}},"f":{"0":2,"1":1}}
,"C:\\Users\\felip\\Documents\\eu_memo\\www\\mind-helping-professional\\apps\\api\\src\\lib\\prisma.ts": {"path":"C:\\Users\\felip\\Documents\\eu_memo\\www\\mind-helping-professional\\apps\\api\\src\\lib\\prisma.ts","all":true,"statementMap":{"0":{"start":{"line":1,"column":0},"end":{"line":1,"column":45}},"2":{"start":{"line":3,"column":0},"end":{"line":3,"column":40}}},"s":{"0":0,"2":0},"branchMap":{"0":{"type":"branch","line":1,"loc":{"start":{"line":1,"column":89},"end":{"line":3,"column":40}},"locations":[{"start":{"line":1,"column":89},"end":{"line":3,"column":40}}]}},"b":{"0":[0]},"fnMap":{"0":{"name":"(empty-report)","decl":{"start":{"line":1,"column":89},"end":{"line":3,"column":40}},"loc":{"start":{"line":1,"column":89},"end":{"line":3,"column":40}},"line":1}},"f":{"0":0}}
,"C:\\Users\\felip\\Documents\\eu_memo\\www\\mind-helping-professional\\apps\\api\\src\\repositories\\person-repository.ts": {"path":"C:\\Users\\felip\\Documents\\eu_memo\\www\\mind-helping-professional\\apps\\api\\src\\repositories\\person-repository.ts","all":true,"statementMap":{},"s":{},"branchMap":{"0":{"type":"branch","line":1,"loc":{"start":{"line":1,"column":216},"end":{"line":6,"column":1}},"locations":[{"start":{"line":1,"column":216},"end":{"line":6,"column":1}}]}},"b":{"0":[1]},"fnMap":{"0":{"name":"(empty-report)","decl":{"start":{"line":1,"column":216},"end":{"line":6,"column":1}},"loc":{"start":{"line":1,"column":216},"end":{"line":6,"column":1}},"line":1}},"f":{"0":1}}
,"C:\\Users\\felip\\Documents\\eu_memo\\www\\mind-helping-professional\\apps\\api\\src\\repositories\\professional-repository.ts": {"path":"C:\\Users\\felip\\Documents\\eu_memo\\www\\mind-helping-professional\\apps\\api\\src\\repositories\\professional-repository.ts","all":true,"statementMap":{},"s":{},"branchMap":{"0":{"type":"branch","line":1,"loc":{"start":{"line":1,"column":186},"end":{"line":5,"column":1}},"locations":[{"start":{"line":1,"column":186},"end":{"line":5,"column":1}}]}},"b":{"0":[1]},"fnMap":{"0":{"name":"(empty-report)","decl":{"start":{"line":1,"column":186},"end":{"line":5,"column":1}},"loc":{"start":{"line":1,"column":186},"end":{"line":5,"column":1}},"line":1}},"f":{"0":1}}
,"C:\\Users\\felip\\Documents\\eu_memo\\www\\mind-helping-professional\\apps\\api\\src\\use-cases\\person\\register-professional.ts": {"path":"C:\\Users\\felip\\Documents\\eu_memo\\www\\mind-helping-professional\\apps\\api\\src\\use-cases\\person\\register-professional.ts","all":false,"statementMap":{"1":{"start":{"line":2,"column":0},"end":{"line":2,"column":77}},"15":{"start":{"line":16,"column":0},"end":{"line":16,"column":42}},"16":{"start":{"line":17,"column":0},"end":{"line":17,"column":14}},"17":{"start":{"line":18,"column":0},"end":{"line":18,"column":67}},"18":{"start":{"line":19,"column":0},"end":{"line":19,"column":54}},"19":{"start":{"line":20,"column":0},"end":{"line":20,"column":6}},"21":{"start":{"line":22,"column":0},"end":{"line":22,"column":17}},"22":{"start":{"line":23,"column":0},"end":{"line":23,"column":14}},"23":{"start":{"line":24,"column":0},"end":{"line":24,"column":8}},"24":{"start":{"line":25,"column":0},"end":{"line":25,"column":14}},"25":{"start":{"line":26,"column":0},"end":{"line":26,"column":88}},"26":{"start":{"line":27,"column":0},"end":{"line":27,"column":74}},"28":{"start":{"line":29,"column":0},"end":{"line":29,"column":18}},"29":{"start":{"line":30,"column":0},"end":{"line":30,"column":39}},"30":{"start":{"line":31,"column":0},"end":{"line":31,"column":5}},"32":{"start":{"line":33,"column":0},"end":{"line":33,"column":75}},"33":{"start":{"line":34,"column":0},"end":{"line":34,"column":16}},"34":{"start":{"line":35,"column":0},"end":{"line":35,"column":10}},"35":{"start":{"line":36,"column":0},"end":{"line":36,"column":16}},"36":{"start":{"line":37,"column":0},"end":{"line":37,"column":6}},"40":{"start":{"line":41,"column":0},"end":{"line":41,"column":12}},"41":{"start":{"line":42,"column":0},"end":{"line":42,"column":19}},"42":{"start":{"line":43,"column":0},"end":{"line":43,"column":5}},"43":{"start":{"line":44,"column":0},"end":{"line":44,"column":3}},"44":{"start":{"line":45,"column":0},"end":{"line":45,"column":1}}},"s":{"1":1,"15":1,"16":1,"17":2,"18":2,"19":2,"21":1,"22":2,"23":2,"24":2,"25":2,"26":2,"28":2,"29":1,"30":1,"32":1,"33":1,"34":1,"35":1,"36":1,"40":1,"41":1,"42":1,"43":2,"44":1},"branchMap":{"0":{"type":"branch","line":17,"loc":{"start":{"line":17,"column":2},"end":{"line":20,"column":6}},"locations":[{"start":{"line":17,"column":2},"end":{"line":20,"column":6}}]},"1":{"type":"branch","line":22,"loc":{"start":{"line":22,"column":2},"end":{"line":44,"column":3}},"locations":[{"start":{"line":22,"column":2},"end":{"line":44,"column":3}}]},"2":{"type":"branch","line":29,"loc":{"start":{"line":29,"column":17},"end":{"line":43,"column":5}},"locations":[{"start":{"line":29,"column":17},"end":{"line":43,"column":5}}]}},"b":{"0":[2],"1":[2],"2":[1]},"fnMap":{"0":{"name":"RegisterProfessionalUseCase","decl":{"start":{"line":17,"column":2},"end":{"line":20,"column":6}},"loc":{"start":{"line":17,"column":2},"end":{"line":20,"column":6}},"line":17},"1":{"name":"execute","decl":{"start":{"line":22,"column":2},"end":{"line":44,"column":3}},"loc":{"start":{"line":22,"column":2},"end":{"line":44,"column":3}},"line":22}},"f":{"0":2,"1":2}}
,"C:\\Users\\felip\\Documents\\eu_memo\\www\\mind-helping-professional\\apps\\api\\src\\use-cases\\person\\register.ts": {"path":"C:\\Users\\felip\\Documents\\eu_memo\\www\\mind-helping-professional\\apps\\api\\src\\use-cases\\person\\register.ts","all":false,"statementMap":{"1":{"start":{"line":2,"column":0},"end":{"line":2,"column":31}},"2":{"start":{"line":3,"column":0},"end":{"line":3,"column":72}},"25":{"start":{"line":26,"column":0},"end":{"line":26,"column":30}},"26":{"start":{"line":27,"column":0},"end":{"line":27,"column":68}},"28":{"start":{"line":29,"column":0},"end":{"line":29,"column":17}},"29":{"start":{"line":30,"column":0},"end":{"line":30,"column":9}},"30":{"start":{"line":31,"column":0},"end":{"line":31,"column":15}},"31":{"start":{"line":32,"column":0},"end":{"line":32,"column":8}},"32":{"start":{"line":33,"column":0},"end":{"line":33,"column":12}},"33":{"start":{"line":34,"column":0},"end":{"line":34,"column":17}},"34":{"start":{"line":35,"column":0},"end":{"line":35,"column":11}},"35":{"start":{"line":36,"column":0},"end":{"line":36,"column":15}},"36":{"start":{"line":37,"column":0},"end":{"line":37,"column":12}},"37":{"start":{"line":38,"column":0},"end":{"line":38,"column":9}},"38":{"start":{"line":39,"column":0},"end":{"line":39,"column":7}},"39":{"start":{"line":40,"column":0},"end":{"line":40,"column":10}},"40":{"start":{"line":41,"column":0},"end":{"line":41,"column":10}},"41":{"start":{"line":42,"column":0},"end":{"line":42,"column":13}},"42":{"start":{"line":43,"column":0},"end":{"line":43,"column":64}},"43":{"start":{"line":44,"column":0},"end":{"line":44,"column":49}},"45":{"start":{"line":46,"column":0},"end":{"line":46,"column":45}},"46":{"start":{"line":47,"column":0},"end":{"line":47,"column":40}},"48":{"start":{"line":49,"column":0},"end":{"line":49,"column":15}},"49":{"start":{"line":50,"column":0},"end":{"line":50,"column":40}},"50":{"start":{"line":51,"column":0},"end":{"line":51,"column":5}},"52":{"start":{"line":53,"column":0},"end":{"line":53,"column":63}},"53":{"start":{"line":54,"column":0},"end":{"line":54,"column":11}},"54":{"start":{"line":55,"column":0},"end":{"line":55,"column":17}},"55":{"start":{"line":56,"column":0},"end":{"line":56,"column":10}},"56":{"start":{"line":57,"column":0},"end":{"line":57,"column":14}},"57":{"start":{"line":58,"column":0},"end":{"line":58,"column":19}},"58":{"start":{"line":59,"column":0},"end":{"line":59,"column":13}},"59":{"start":{"line":60,"column":0},"end":{"line":60,"column":17}},"60":{"start":{"line":61,"column":0},"end":{"line":61,"column":19}},"61":{"start":{"line":62,"column":0},"end":{"line":62,"column":11}},"62":{"start":{"line":63,"column":0},"end":{"line":63,"column":9}},"63":{"start":{"line":64,"column":0},"end":{"line":64,"column":12}},"64":{"start":{"line":65,"column":0},"end":{"line":65,"column":12}},"65":{"start":{"line":66,"column":0},"end":{"line":66,"column":20}},"66":{"start":{"line":67,"column":0},"end":{"line":67,"column":6}},"68":{"start":{"line":69,"column":0},"end":{"line":69,"column":12}},"69":{"start":{"line":70,"column":0},"end":{"line":70,"column":13}},"70":{"start":{"line":71,"column":0},"end":{"line":71,"column":5}},"71":{"start":{"line":72,"column":0},"end":{"line":72,"column":3}},"72":{"start":{"line":73,"column":0},"end":{"line":73,"column":1}}},"s":{"1":1,"2":1,"25":1,"26":1,"28":1,"29":3,"30":3,"31":3,"32":3,"33":3,"34":3,"35":3,"36":3,"37":3,"38":3,"39":3,"40":3,"41":3,"42":3,"43":3,"45":3,"46":3,"48":3,"49":1,"50":1,"52":2,"53":2,"54":2,"55":2,"56":2,"57":2,"58":2,"59":2,"60":2,"61":2,"62":2,"63":2,"64":2,"65":2,"66":2,"68":2,"69":2,"70":2,"71":3,"72":1},"branchMap":{"0":{"type":"branch","line":27,"loc":{"start":{"line":27,"column":2},"end":{"line":27,"column":68}},"locations":[{"start":{"line":27,"column":2},"end":{"line":27,"column":68}}]},"1":{"type":"branch","line":29,"loc":{"start":{"line":29,"column":2},"end":{"line":72,"column":3}},"locations":[{"start":{"line":29,"column":2},"end":{"line":72,"column":3}}]},"2":{"type":"branch","line":49,"loc":{"start":{"line":49,"column":14},"end":{"line":51,"column":5}},"locations":[{"start":{"line":49,"column":14},"end":{"line":51,"column":5}}]},"3":{"type":"branch","line":51,"loc":{"start":{"line":51,"column":4},"end":{"line":71,"column":5}},"locations":[{"start":{"line":51,"column":4},"end":{"line":71,"column":5}}]}},"b":{"0":[3],"1":[3],"2":[1],"3":[2]},"fnMap":{"0":{"name":"RegisterUseCase","decl":{"start":{"line":27,"column":2},"end":{"line":27,"column":68}},"loc":{"start":{"line":27,"column":2},"end":{"line":27,"column":68}},"line":27},"1":{"name":"execute","decl":{"start":{"line":29,"column":2},"end":{"line":72,"column":3}},"loc":{"start":{"line":29,"column":2},"end":{"line":72,"column":3}},"line":29}},"f":{"0":3,"1":3}}
}
